C:\Visual Studio 2019\DutchTreat\dist\out-tsc\ClientApp\app\app.component.js
C:\Visual Studio 2019\DutchTreat\dist\out-tsc\ClientApp\app\app.component.js.map
C:\Visual Studio 2019\DutchTreat\dist\out-tsc\ClientApp\app\shop\productlist.component.js
C:\Visual Studio 2019\DutchTreat\dist\out-tsc\ClientApp\app\shop\productlist.component.js.map
C:\Visual Studio 2019\DutchTreat\dist\out-tsc\ClientApp\app\app.module.js
C:\Visual Studio 2019\DutchTreat\dist\out-tsc\ClientApp\app\app.module.js.map
C:\Visual Studio 2019\DutchTreat\dist\out-tsc\ClientApp\environments\environment.js
C:\Visual Studio 2019\DutchTreat\dist\out-tsc\ClientApp\environments\environment.js.map
C:\Visual Studio 2019\DutchTreat\dist\out-tsc\ClientApp\main.js
C:\Visual Studio 2019\DutchTreat\dist\out-tsc\ClientApp\main.js.map
C:\Visual Studio 2019\DutchTreat\dist\out-tsc\ClientApp\polyfills.js
C:\Visual Studio 2019\DutchTreat\dist\out-tsc\ClientApp\polyfills.js.map
C:\Visual Studio 2019\DutchTreat\dist\out-tsc\ClientApp\test.js
C:\Visual Studio 2019\DutchTreat\dist\out-tsc\ClientApp\test.js.map
C:\Visual Studio 2019\DutchTreat\dist\out-tsc\ClientApp\environments\environment.prod.js
C:\Visual Studio 2019\DutchTreat\dist\out-tsc\ClientApp\environments\environment.prod.js.map
C:\Visual Studio 2019\DutchTreat\dist\out-tsc\dutch-app\e2e\src\app.po.js
C:\Visual Studio 2019\DutchTreat\dist\out-tsc\dutch-app\e2e\src\app.po.js.map
C:\Visual Studio 2019\DutchTreat\dist\out-tsc\dutch-app\e2e\src\app.e2e-spec.js
C:\Visual Studio 2019\DutchTreat\dist\out-tsc\dutch-app\e2e\src\app.e2e-spec.js.map
C:\Visual Studio 2019\DutchTreat\dist\out-tsc\dutch-app\src\app\app.component.js
C:\Visual Studio 2019\DutchTreat\dist\out-tsc\dutch-app\src\app\app.component.js.map
C:\Visual Studio 2019\DutchTreat\dist\out-tsc\dutch-app\src\app\app.module.js
C:\Visual Studio 2019\DutchTreat\dist\out-tsc\dutch-app\src\app\app.module.js.map
C:\Visual Studio 2019\DutchTreat\dist\out-tsc\dutch-app\src\environments\environment.js
C:\Visual Studio 2019\DutchTreat\dist\out-tsc\dutch-app\src\environments\environment.js.map
C:\Visual Studio 2019\DutchTreat\dist\out-tsc\dutch-app\src\main.js
C:\Visual Studio 2019\DutchTreat\dist\out-tsc\dutch-app\src\main.js.map
C:\Visual Studio 2019\DutchTreat\dist\out-tsc\dutch-app\src\polyfills.js
C:\Visual Studio 2019\DutchTreat\dist\out-tsc\dutch-app\src\polyfills.js.map
C:\Visual Studio 2019\DutchTreat\dist\out-tsc\dutch-app\src\test.js
C:\Visual Studio 2019\DutchTreat\dist\out-tsc\dutch-app\src\test.js.map
C:\Visual Studio 2019\DutchTreat\dist\out-tsc\dutch-app\src\environments\environment.prod.js
C:\Visual Studio 2019\DutchTreat\dist\out-tsc\dutch-app\src\environments\environment.prod.js.map
C:\Visual Studio 2019\DutchTreat\dist\out-tsc\wwwroot\TS\main.js
C:\Visual Studio 2019\DutchTreat\dist\out-tsc\wwwroot\TS\main.js.map
C:\Visual Studio 2019\DutchTreat\dist\out-tsc\wwwroot\TS\storecustomer.js
C:\Visual Studio 2019\DutchTreat\dist\out-tsc\wwwroot\TS\storecustomer.js.map
